<?xml version="1.0" encoding="UTF-8"?>
<!-- Generated by org.testng.reporters.JUnitReportReporter -->
<testsuite hostname="MSI" failures="0" tests="1" name="api.test.UserTodoTests$TestBase" time="2.547" errors="0" timestamp="2024-06-01T18:03:23 IST" skipped="0">
  <testcase classname="api.test.UserTodoTests$TestBase" name="testUsersTodosFromFanCodeCity" time="2.547"/>
  <system-out/>
</testsuite> <!-- api.test.UserTodoTests$TestBase -->
